{
  "RSpec": {
    "coverage": {
      "/home/saasbook/Documents/Selt_5/app/controllers/application_controller.rb": [
        1,
        1,
        null,
        1,
        null,
        1,
        1,
        null,
        1,
        7,
        null,
        null
      ],
      "/home/saasbook/Documents/Selt_5/app/helpers/application_helper.rb": [
        1,
        null
      ],
      "/home/saasbook/Documents/Selt_5/app/helpers/movies_helper.rb": [
        1,
        null,
        1,
        0,
        null,
        null
      ],
      "/home/saasbook/Documents/Selt_5/app/controllers/movies_controller.rb": [
        1,
        null,
        1,
        0,
        0,
        null,
        null,
        null,
        1,
        0,
        0,
        null,
        0,
        null,
        0,
        null,
        0,
        0,
        null,
        0,
        0,
        null,
        null,
        0,
        0,
        0,
        0,
        null,
        0,
        null,
        null,
        1,
        null,
        null,
        null,
        1,
        0,
        0,
        0,
        null,
        null,
        1,
        0,
        null,
        null,
        1,
        0,
        0,
        0,
        0,
        null,
        null,
        1,
        0,
        0,
        0,
        0,
        null,
        null,
        1,
        5,
        4,
        4,
        1,
        1,
        null,
        3,
        3,
        null,
        null,
        1,
        1,
        null,
        null,
        null,
        1,
        2,
        1,
        1,
        1,
        null,
        1,
        null,
        1,
        null,
        2,
        null,
        null,
        null
      ],
      "/home/saasbook/Documents/Selt_5/app/models/movie.rb": [
        1,
        1,
        0,
        null,
        null,
        1,
        0,
        0,
        0,
        null,
        null,
        1,
        3,
        3,
        3,
        3,
        null,
        2,
        null,
        null
      ]
    },
    "timestamp": 1414464116
  }
}
